<?xml version="1.0" encoding="UTF-8"?>
<!-- Generated by org.testng.reporters.JUnitXMLReporter -->
<testsuite ignored="0" hostname="Sivanathan" failures="0" tests="8" name="Default test" time="22.888" errors="0" timestamp="2025-02-27T18:25:39 IST">
  <testcase classname="tests.ShoppingCartTestNG" name="login" time="1.2"/>
  <testcase classname="tests.ShoppingCartTestNG" name="addTocart" time="0.817"/>
  <testcase classname="tests.ShoppingCartTestNG" name="sortProductsByPrice" time="0.789"/>
  <testcase classname="tests.ShoppingCartTestNG" name="verifyCartPage" time="0.377"/>
  <testcase classname="tests.ShoppingCartTestNG" name="removeProductFromCart" time="0.291"/>
  <testcase classname="tests.ShoppingCartTestNG" name="checkout" time="0.769"/>
  <testcase classname="tests.ShoppingCartTestNG" name="placeOrder" time="0.3"/>
  <testcase classname="tests.ShoppingCartTestNG" name="returnToHomePageAndLogout" time="2.991"/>
</testsuite> <!-- Default test -->
