<?xml version="1.0" encoding="UTF-8"?>
<!-- Generated by org.testng.reporters.JUnitXMLReporter -->
<testsuite ignored="0" hostname="Sivanathan" failures="0" tests="8" name="Test" time="23.095" errors="0" timestamp="2025-02-27T19:00:42 IST">
  <testcase classname="tests.ShoppingCartTestNG" name="login" time="1.045"/>
  <testcase classname="tests.ShoppingCartTestNG" name="addTocart" time="0.82"/>
  <testcase classname="tests.ShoppingCartTestNG" name="sortProductsByPrice" time="0.7"/>
  <testcase classname="tests.ShoppingCartTestNG" name="verifyCartPage" time="0.367"/>
  <testcase classname="tests.ShoppingCartTestNG" name="removeProductFromCart" time="0.302"/>
  <testcase classname="tests.ShoppingCartTestNG" name="checkout" time="0.719"/>
  <testcase classname="tests.ShoppingCartTestNG" name="placeOrder" time="0.311"/>
  <testcase classname="tests.ShoppingCartTestNG" name="returnToHomePageAndLogout" time="2.872"/>
</testsuite> <!-- Test -->
